[22:10:53.520][info] [#0:/Users/thomassong/.local/share/nvim/mason/packages/lua-language-server/main.lua:66]: Lua Lsp startup, root: 	/Users/thomassong/.local/share/nvim/mason/packages/lua-language-server
[22:10:53.521][info] [#0:/Users/thomassong/.local/share/nvim/mason/packages/lua-language-server/main.lua:67]: ROOT:	/Users/thomassong/.local/share/nvim/mason/packages/lua-language-server
[22:10:53.521][info] [#0:/Users/thomassong/.local/share/nvim/mason/packages/lua-language-server/main.lua:68]: LOGPATH:	/Users/thomassong/.local/share/nvim/mason/packages/lua-language-server/log
[22:10:53.521][info] [#0:/Users/thomassong/.local/share/nvim/mason/packages/lua-language-server/main.lua:69]: METAPATH:	/Users/thomassong/.local/share/nvim/mason/packages/lua-language-server/meta
[22:10:53.521][info] [#0:/Users/thomassong/.local/share/nvim/mason/packages/lua-language-server/main.lua:70]: VERSION:	3.6.13
[22:10:53.537][info] [#0:script/service/service.lua:144]: 
========= Medical Examination Report =========
    --------------- Memory ---------------
        Total: 2.110 MB
        # 00 : 2.110 MB
        # 01 : 0.000 MB
        # 02 : 0.000 MB
        # 03 : 0.000 MB
        # 04 : 0.000 MB
    --------------- Coroutine ---------------
        Total:     0
        Running:   0
        Suspended: 0
        Normal:    0
        Dead:      0
    --------------- Cache ---------------
        Total: 1
        Dead:  0
    ---------------  RPC  ---------------
        Holdon:   0
        Waiting:  0
==============================================
[22:10:53.539][info] [#0:script/client.lua:657]: Client init	{
  capabilities = {
    callHierarchy = {
      dynamicRegistration = false
    },
    textDocument = {
      codeAction = {
        codeActionLiteralSupport = {
          codeActionKind = {
            valueSet = { "", "Empty", "QuickFix", "Refactor", "RefactorExtract", "RefactorInline", "RefactorRewrite", "Source", "SourceOrganizeImports", "quickfix", "refactor", "refactor.extract", "refactor.inline", "refactor.rewrite", "source", "source.organizeImports" }
          }
        },
        dataSupport = true,
        dynamicRegistration = false,
        isPreferredSupport = true,
        resolveSupport = {
          properties = { "edit" }
        }
      },
      completion = {
        completionItem = {
          commitCharactersSupport = false,
          deprecatedSupport = false,
          documentationFormat = { "markdown", "plaintext" },
          preselectSupport = false,
          snippetSupport = false
        },
        completionItemKind = {
          valueSet = { 1, 2, 3, 4, 5, 6, 7, 8, 9, 10, 11, 12, 13, 14, 15, 16, 17, 18, 19, 20, 21, 22, 23, 24, 25 }
        },
        contextSupport = false,
        dynamicRegistration = false
      },
      declaration = {
        linkSupport = true
      },
      definition = {
        linkSupport = true
      },
      documentHighlight = {
        dynamicRegistration = false
      },
      documentSymbol = {
        dynamicRegistration = false,
        hierarchicalDocumentSymbolSupport = true,
        symbolKind = {
          valueSet = { 1, 2, 3, 4, 5, 6, 7, 8, 9, 10, 11, 12, 13, 14, 15, 16, 17, 18, 19, 20, 21, 22, 23, 24, 25, 26 }
        }
      },
      hover = {
        contentFormat = { "markdown", "plaintext" },
        dynamicRegistration = false
      },
      implementation = {
        linkSupport = true
      },
      publishDiagnostics = {
        relatedInformation = true,
        tagSupport = {
          valueSet = { 1, 2 }
        }
      },
      references = {
        dynamicRegistration = false
      },
      rename = {
        dynamicRegistration = false,
        prepareSupport = true
      },
      signatureHelp = {
        dynamicRegistration = false,
        signatureInformation = {
          activeParameterSupport = true,
          documentationFormat = { "markdown", "plaintext" },
          parameterInformation = {
            labelOffsetSupport = true
          }
        }
      },
      synchronization = {
        didSave = true,
        dynamicRegistration = false,
        willSave = false,
        willSaveWaitUntil = false
      },
      typeDefinition = {
        linkSupport = true
      }
    },
    window = {
      showDocument = {
        support = false
      },
      showMessage = {
        messageActionItem = {
          additionalPropertiesSupport = false
        }
      },
      workDoneProgress = true
    },
    workspace = {
      applyEdit = true,
      configuration = true,
      symbol = {
        dynamicRegistration = false,
        hierarchicalWorkspaceSymbolSupport = true,
        symbolKind = {
          valueSet = { 1, 2, 3, 4, 5, 6, 7, 8, 9, 10, 11, 12, 13, 14, 15, 16, 17, 18, 19, 20, 21, 22, 23, 24, 25, 26 }
        }
      },
      workspaceEdit = {
        resourceOperations = { "rename", "create", "delete" }
      },
      workspaceFolders = true
    }
  },
  clientInfo = {
    name = "Neovim",
    version = "0.8.3"
  },
  initializationOptions = {},
  processId = 55136,
  rootPath = "/Users/thomassong/.config/nvim/lua",
  rootUri = "file:///Users/thomassong/.config/nvim/lua",
  trace = "off",
  workspaceFolders = { {
      name = "/Users/thomassong/.config/nvim/lua",
      uri = "file:///Users/thomassong/.config/nvim/lua"
    } }
}
[22:10:53.540][info] [#0:script/language.lua:137]: VSC language: nil
[22:10:53.540][info] [#0:script/language.lua:138]: LS  language: en-us
[22:10:53.540][info] [#0:script/workspace/workspace.lua:38]: Workspace init root: 	file:///Users/thomassong/.config/nvim/lua
[22:10:53.540][info] [#0:script/workspace/workspace.lua:42]: Log path: 	/Users/thomassong/.local/share/nvim/mason/packages/lua-language-server/log/file_Users_thomassong_.config_nvim_lua.log
